<?xml version="1.0" encoding="UTF-8"?>
<!-- Generated by org.testng.reporters.JUnitXMLReporter -->
<testsuite hostname="DESKTOP-4O9T14K" ignored="2" name="Command line test" tests="2" failures="0" timestamp="2020-03-15T14:48:10 ICT" time="5.613" errors="0">
  <testcase name="Verify_API_GET_Posts" time="1.308" classname="com.demo.test.ApiTest"/>
  <testcase name="Requests_Total_Submitted_Approve_in_2019" time="3.617" classname="com.demo.test.WebUIAutomationTest"/>
  <testcase name="@AfterTest tearDown" time="0.0" classname="com.demo.test.BaseTest">
    <ignored/>
  </testcase> <!-- @AfterTest tearDown -->
  <testcase name="@BeforeSuite init" time="0.0" classname="com.demo.test.BaseTest">
    <ignored/>
  </testcase> <!-- @BeforeSuite init -->
</testsuite> <!-- Command line test -->
